\BOOKMARK [1][-]{section*.2}{Fragebogen der WSI-Betriebsr\344tebefragung 2015, Stand: 12.01.2015}{}% 1
\BOOKMARK [2][-]{section*.3}{Block A: Screening}{section*.2}% 2
\BOOKMARK [2][-]{section*.15}{Block C0: Unternehmensstruktur}{section*.2}% 3
\BOOKMARK [2][-]{section*.22}{Block G: Besch\344ftigung des Betriebsrates mit betrieblichen Problemen}{section*.2}% 4
\BOOKMARK [2][-]{section*.25}{Block C: Betriebsstruktur}{section*.2}% 5
\BOOKMARK [2][-]{section*.34}{Block D: Besch\344ftigtenangaben}{section*.2}% 6
\BOOKMARK [2][-]{section*.61}{Block E: Wirtschaftliche Lage}{section*.2}% 7
\BOOKMARK [2][-]{section*.64}{Block F: \304lterwerden, Vorruhestand}{section*.2}% 8
\BOOKMARK [2][-]{section*.71}{Block H: Arbeitszeit}{section*.2}% 9
\BOOKMARK [2][-]{section*.91}{Block I: Arbeitsorganisation, -bedingungen und Gesundheit}{section*.2}% 10
\BOOKMARK [2][-]{section*.111}{Block J: Lohn und Entgelt}{section*.2}% 11
\BOOKMARK [2][-]{section*.123}{Block K: Tarifbindung UND Betriebsvereinbarungen}{section*.2}% 12
\BOOKMARK [2][-]{section*.148}{Block L: Arbeitsniederlegungen}{section*.2}% 13
\BOOKMARK [2][-]{section*.152}{Block M: Allgemeine Angaben zum Betriebsrat}{section*.2}% 14
\BOOKMARK [2][-]{section*.175}{Block N: Verh\344ltnis des Betriebsrates zum Arbeitgeber}{section*.2}% 15
\BOOKMARK [2][-]{section*.186}{Block O: Verh\344ltnis des Betriebsrates zu den Gewerkschaften}{section*.2}% 16
\BOOKMARK [2][-]{section*.189}{Block P: Verh\344ltnis zwischen Betriebsrat und Belegschaft, Gewerkschaft und Arbeitgeber}{section*.2}% 17
\BOOKMARK [2][-]{section*.195}{Block Q: Angaben zur Zielperson}{section*.2}% 18
\BOOKMARK [2][-]{section*.204}{Block R: Unternehmensstruktur}{section*.2}% 19
\BOOKMARK [2][-]{section*.210}{Block S: Panelfrage}{section*.2}% 20
\BOOKMARK [2][-]{section*.216}{Block T: Aus Stichprobendatei zu \374bermittelnde Angaben}{section*.2}% 21
\BOOKMARK [2][-]{section*.221}{Block U: Paradaten}{section*.2}% 22
\BOOKMARK [1][-]{section*.229}{Codebuch der WSI-Betriebsr\344tebefragung 2015, Rohdatensatz}{}% 23
